[root@tz-mportal1 ~]# udevadm info --query=all --name=/dev/sdc
P: /devices/pci0000:00/0000:00:17.0/0000:13:00.0/host3/target3:0:0/3:0:0:0/block/sdc
N: sdc
W: 38
S: block/8:32
S: disk/by-id/scsi-3600507640081008d100000000000008e
S: disk/by-path/pci-0000:13:00.0-scsi-0:0:0:0
S: disk/by-id/wwn-0x600507640081008d100000000000008e
E: UDEV_LOG=3
E: DEVPATH=/devices/pci0000:00/0000:00:17.0/0000:13:00.0/host3/target3:0:0/3:0:0:0/block/sdc
E: MAJOR=8
E: MINOR=32
E: DEVNAME=/dev/sdc
E: DEVTYPE=disk
E: SUBSYSTEM=block
E: ID_SCSI=1
E: ID_VENDOR=IBM
E: ID_VENDOR_ENC=IBM\x20\x20\x20\x20\x20
E: ID_MODEL=2145
E: ID_MODEL_ENC=2145\x20\x20\x20\x20\x20\x20\x20\x20\x20\x20\x20\x20
E: ID_REVISION=0000
E: ID_TYPE=disk
E: ID_SERIAL_RAW=3600507640081008d100000000000008e
E: ID_SERIAL=3600507640081008d100000000000008e
E: ID_SERIAL_SHORT=600507640081008d100000000000008e
E: ID_WWN=0x600507640081008d
E: ID_WWN_VENDOR_EXTENSION=0x100000000000008e
E: ID_WWN_WITH_EXTENSION=0x600507640081008d100000000000008e
E: ID_SCSI_SERIAL=010020402344XX00
E: ID_BUS=scsi
E: ID_PATH=pci-0000:13:00.0-scsi-0:0:0:0
E: ID_PART_TABLE_TYPE=dos
E: LVM_SBIN_PATH=/sbin
E: DEVLINKS=/dev/block/8:32 /dev/disk/by-id/scsi-3600507640081008d100000000000008e /dev/disk/by-path/pci-0000:13:00.0-scsi-0:0:0:0 /dev/disk/by-id/wwn-0x600507640081008d100000000000008e
E: UDISKS_PRESENTATION_NOPOLICY=0
E: UDISKS_PARTITION_TABLE=1
E: UDISKS_PARTITION_TABLE_SCHEME=mbr
E: UDISKS_PARTITION_TABLE_COUNT=1

[root@tz-mportal1 ~]# udevadm info --query=all --name=/dev/sdd
P: /devices/pci0000:00/0000:00:17.0/0000:13:00.0/host3/target3:0:1/3:0:1:0/block/sdd
N: sdd
W: 57
S: block/8:48
S: disk/by-id/scsi-3600507640081008d1000000000000090
S: disk/by-path/pci-0000:13:00.0-scsi-0:0:1:0
S: disk/by-id/wwn-0x600507640081008d1000000000000090
E: UDEV_LOG=3
E: DEVPATH=/devices/pci0000:00/0000:00:17.0/0000:13:00.0/host3/target3:0:1/3:0:1:0/block/sdd
E: MAJOR=8
E: MINOR=48
E: DEVNAME=/dev/sdd
E: DEVTYPE=disk
E: SUBSYSTEM=block
E: ID_SCSI=1
E: ID_VENDOR=IBM
E: ID_VENDOR_ENC=IBM\x20\x20\x20\x20\x20
E: ID_MODEL=2145
E: ID_MODEL_ENC=2145\x20\x20\x20\x20\x20\x20\x20\x20\x20\x20\x20\x20
E: ID_REVISION=0000
E: ID_TYPE=disk
E: ID_SERIAL_RAW=3600507640081008d1000000000000090
E: ID_SERIAL=3600507640081008d1000000000000090
E: ID_SERIAL_SHORT=600507640081008d1000000000000090
E: ID_WWN=0x600507640081008d
E: ID_WWN_VENDOR_EXTENSION=0x1000000000000090
E: ID_WWN_WITH_EXTENSION=0x600507640081008d1000000000000090
E: ID_SCSI_SERIAL=010020402344XX00
E: ID_BUS=scsi
E: ID_PATH=pci-0000:13:00.0-scsi-0:0:1:0
E: LVM_SBIN_PATH=/sbin
E: DEVLINKS=/dev/block/8:48 /dev/disk/by-id/scsi-3600507640081008d1000000000000090 /dev/disk/by-path/pci-0000:13:00.0-scsi-0:0:1:0 /dev/disk/by-id/wwn-0x600507640081008d1000000000000090
E: UDISKS_PRESENTATION_NOPOLICY=0






[root@tz-mportal2 ~]# udevadm info --query=all --name=/dev/sdc
P: /devices/pci0000:00/0000:00:17.0/0000:13:00.0/host3/target3:0:0/3:0:0:0/block/sdc
N: sdc
W: 40
S: block/8:32
S: disk/by-id/scsi-3600507640081008d100000000000008e
S: disk/by-path/pci-0000:13:00.0-scsi-0:0:0:0
S: disk/by-id/wwn-0x600507640081008d100000000000008e
E: UDEV_LOG=3
E: DEVPATH=/devices/pci0000:00/0000:00:17.0/0000:13:00.0/host3/target3:0:0/3:0:0:0/block/sdc
E: MAJOR=8
E: MINOR=32
E: DEVNAME=/dev/sdc
E: DEVTYPE=disk
E: SUBSYSTEM=block
E: ID_SCSI=1
E: ID_VENDOR=IBM
E: ID_VENDOR_ENC=IBM\x20\x20\x20\x20\x20
E: ID_MODEL=2145
E: ID_MODEL_ENC=2145\x20\x20\x20\x20\x20\x20\x20\x20\x20\x20\x20\x20
E: ID_REVISION=0000
E: ID_TYPE=disk
E: ID_SERIAL_RAW=3600507640081008d100000000000008e
E: ID_SERIAL=3600507640081008d100000000000008e
E: ID_SERIAL_SHORT=600507640081008d100000000000008e
E: ID_WWN=0x600507640081008d
E: ID_WWN_VENDOR_EXTENSION=0x100000000000008e
E: ID_WWN_WITH_EXTENSION=0x600507640081008d100000000000008e
E: ID_SCSI_SERIAL=010020402344XX00
E: ID_BUS=scsi
E: ID_PATH=pci-0000:13:00.0-scsi-0:0:0:0
E: ID_PART_TABLE_TYPE=dos
E: LVM_SBIN_PATH=/sbin
E: DEVLINKS=/dev/block/8:32 /dev/disk/by-id/scsi-3600507640081008d100000000000008e /dev/disk/by-path/pci-0000:13:00.0-scsi-0:0:0:0 /dev/disk/by-id/wwn-0x600507640081008d100000000000008e
E: UDISKS_PRESENTATION_NOPOLICY=0
E: UDISKS_PARTITION_TABLE=1
E: UDISKS_PARTITION_TABLE_SCHEME=mbr
E: UDISKS_PARTITION_TABLE_COUNT=1

[root@tz-mportal2 ~]# udevadm info --query=all --name=/dev/sdd
P: /devices/pci0000:00/0000:00:17.0/0000:13:00.0/host3/target3:0:1/3:0:1:0/block/sdd
N: sdd
W: 59
S: block/8:48
S: disk/by-id/scsi-3600507640081008d1000000000000090
S: disk/by-path/pci-0000:13:00.0-scsi-0:0:1:0
S: disk/by-id/wwn-0x600507640081008d1000000000000090
E: UDEV_LOG=3
E: DEVPATH=/devices/pci0000:00/0000:00:17.0/0000:13:00.0/host3/target3:0:1/3:0:1:0/block/sdd
E: MAJOR=8
E: MINOR=48
E: DEVNAME=/dev/sdd
E: DEVTYPE=disk
E: SUBSYSTEM=block
E: ID_SCSI=1
E: ID_VENDOR=IBM
E: ID_VENDOR_ENC=IBM\x20\x20\x20\x20\x20
E: ID_MODEL=2145
E: ID_MODEL_ENC=2145\x20\x20\x20\x20\x20\x20\x20\x20\x20\x20\x20\x20
E: ID_REVISION=0000
E: ID_TYPE=disk
E: ID_SERIAL_RAW=3600507640081008d1000000000000090
E: ID_SERIAL=3600507640081008d1000000000000090
E: ID_SERIAL_SHORT=600507640081008d1000000000000090
E: ID_WWN=0x600507640081008d
E: ID_WWN_VENDOR_EXTENSION=0x1000000000000090
E: ID_WWN_WITH_EXTENSION=0x600507640081008d1000000000000090
E: ID_SCSI_SERIAL=010020402344XX00
E: ID_BUS=scsi
E: ID_PATH=pci-0000:13:00.0-scsi-0:0:1:0
E: LVM_SBIN_PATH=/sbin
E: DEVLINKS=/dev/block/8:48 /dev/disk/by-id/scsi-3600507640081008d1000000000000090 /dev/disk/by-path/pci-0000:13:00.0-scsi-0:0:1:0 /dev/disk/by-id/wwn-0x600507640081008d1000000000000090
E: UDISKS_PRESENTATION_NOPOLICY=0
